Arguments: 
  D:\Program Files\nodejs\node.exe C:\Users\Gamer\AppData\Roaming\npm\node_modules\yarn\bin\yarn.js install

PATH: 
  D:\Program Files\Git\mingw64\bin;D:\Program Files\Git\usr\bin;C:\Users\Gamer\bin;C:\Users\Gamer\AppData\Local\Android\Sdk;C:\Users\Gamer\AppData\Local\Android\Sdk\platform-tools;C:\Windows\system32;C:\Program Files\Common Files\Oracle\Java\javapath;C:\Windows\system32;C:\Windows;C:\Windows\System32\Wbem;C:\Windows\System32\WindowsPowerShell\v1.0;C:\Windows\System32\OpenSSH;C:\Program Files (x86)\NVIDIA Corporation\PhysX\Common;C:\Program Files\NVIDIA Corporation\NVIDIA NvDLISR;D:\Program Files\Git\cmd;C:\Program Files\Microsoft SQL Server\150\Tools\Binn;C:\Program Files\Microsoft SQL Server\Client SDK\ODBC\170\Tools\Binn;C:\Program Files\dotnet;C:\Program Files (x86)\dotnet;C:\Program Files (x86)\Microsoft SQL Server\150\DTS\Binn;C:\Program Files\Azure Data Studio\bin;C:\Program Files (x86)\Microsoft SQL Server\150\Tools\Binn;C:\Program Files\Microsoft SQL Server\150\DTS\Binn;D:\Program Files\flutter\bin;C:\Program Files\PowerShell\7;C:\Gradle\gradle-7.4.2\bin;C:\ProgramData\chocolatey\bin;D:\Program Files\nodejs;C:\Program Files\OpenJDK\openjdk-11.0.15_10\bin;C:\Users\Gamer\AppData\Local\Android\Sdk\tools;C:\Users\Gamer\AppData\Local\Android\Sdk\tools\bin;C:\Users\Gamer\AppData\Local\watchman;C:\Users\Gamer\AppData\Local\Microsoft\WindowsApps;D:\Program Files\Microsoft VS Code\bin;D:\Program Files\JetBrains\WebStorm 2022.1\bin;D:\Program Files\JetBrains\PyCharm 2021.3.3\bin;C:\Users\Gamer\AppData\Local\GitHubDesktop\bin;C:\Users\Gamer\.dotnet\tools;C:\Program Files\Azure Data Studio\bin;C:\Users\Gamer\AppData\Roaming\npm;C:\Users\Gamer\AppData\Local\Android\Sdk;C:\Program Files\OpenSSL-Win64\bin

Yarn version: 
  1.22.19

Node version: 
  16.16.0

Platform: 
  win32 x64

Trace: 
  SyntaxError: D:\Proyectos React Native\navigations\package.json: Unexpected end of JSON input
      at JSON.parse (<anonymous>)
      at C:\Users\Gamer\AppData\Roaming\npm\node_modules\yarn\lib\cli.js:1629:59
      at Generator.next (<anonymous>)
      at step (C:\Users\Gamer\AppData\Roaming\npm\node_modules\yarn\lib\cli.js:310:30)
      at C:\Users\Gamer\AppData\Roaming\npm\node_modules\yarn\lib\cli.js:321:13

npm manifest: 
  {
    "name": "navigations",
    "version": "1.0.0",
    "main": "node_modules/expo/AppEntry.js",
    "scripts": {
      "start": "expo start",
      "android": "expo start --android",
      "ios": "expo start --ios",
      "web": "expo start --web",
      "eject": "expo eject"
    },
    "dependencies": {
      "@expo-google-fonts/margarine": "^0.2.2",
      "@react-native-async-storage/async-storage": "^1.17.7",
      "@react-navigation/bottom-tabs": "^6.3.2",
      "@react-navigation/drawer": "^6.4.3",
      "@react-navigation/native": "^6.0.11",
      "@react-navigation/native-stack": "^6.7.0",
      "@reduxjs/toolkit": "^1.8.3",
      "@rneui/base": "^4.0.0-rc.5",
      "@rneui/themed": "^4.0.0-rc.5",
      "expo": "~45.0.0",
      "expo-app-loading": "~2.0.0",
      "expo-font": "~10.1.0",
      "expo-splash-screen": "~0.15.1",
      "expo-status-bar": "~1.3.0",
      "react": "17.0.2",
      "react-dom": "17.0.2",
      "react-native": "0.68.2",
      "react-native-gesture-handler": "~2.2.1",
      "react-native-reanimated": "~2.8.0",
      "react-native-safe-area-context": "4.2.4",
      "react-native-screens": "~3.11.1",
      "react-native-web": "0.17.7",
      "react-redux": "^8.0.2"
    },
    "overrides": {
      "react-native": {
        "react-devtools-core": "4.14.0"
      },
    "devDependencies": {
      "@babel/core": "^7.12.9"
    },
    "private": true
  }

yarn manifest: 
  No manifest

Lockfile: 
  No lockfile
